<?xml version="1.0" encoding="UTF-8"?>
<!-- Generated by org.testng.reporters.JUnitXMLReporter -->
<testsuite ignored="0" hostname="che" failures="1" tests="4" name="Test in chrome" time="4.676" errors="0" timestamp="2025-01-18T02:46:27 IST">
  <testcase classname="testCases.TC_01_add" name="AddDecimalTwoPointTwoMinusOne" time="0.515"/>
  <testcase classname="testCases.TC_01_add" name="AddZeroAndOne" time="0.523"/>
  <testcase classname="testCases.TC_01_add" name="verifyAddition" time="0.477">
    <failure type="java.lang.AssertionError" message="null">
      <![CDATA[java.lang.AssertionError: null
at testCases.TC_01_add.verifyAddition(TC_01_add.java:30)
at java.base/java.util.ArrayList.forEach(ArrayList.java:1541)
at java.base/java.util.concurrent.FutureTask.run(FutureTask.java:264)
at java.base/java.util.concurrent.ThreadPoolExecutor.runWorker(ThreadPoolExecutor.java:1128)
at java.base/java.util.concurrent.ThreadPoolExecutor$Worker.run(ThreadPoolExecutor.java:628)
at java.base/java.lang.Thread.run(Thread.java:829)
... Removed 19 stack frames]]>
    </failure>
  </testcase> <!-- verifyAddition -->
  <testcase classname="testCases.TC_01_add" name="verifySubtraction" time="0.471"/>
</testsuite> <!-- Test in chrome -->
