<?xml version="1.0" encoding="UTF-8"?>
<testng-results ignored="0" total="4" passed="3" failed="1" skipped="0">
  <reporter-output>
  </reporter-output>
  <suite started-at="2025-01-18T02:46:21 IST" name="Addition" finished-at="2025-01-18T02:46:26 IST" duration-ms="4676">
    <groups>
    </groups>
    <test started-at="2025-01-18T02:46:21 IST" name="Test in chrome" finished-at="2025-01-18T02:46:26 IST" duration-ms="4676">
      <class name="testCases.TC_01_add">
        <test-method is-config="true" signature="setup(java.lang.String,java.lang.String)[pri:0, instance:testCases.TC_01_add@5b58ed3c]" started-at="2025-01-18T02:46:21 IST" name="setup" finished-at="2025-01-18T02:46:23 IST" duration-ms="1873" status="PASS">
          <params>
            <param index="0">
              <value>
                <![CDATA[Windows]]>
              </value>
            </param>
            <param index="1">
              <value>
                <![CDATA[Chrome]]>
              </value>
            </param>
          </params>
          <reporter-output>
          </reporter-output>
        </test-method> <!-- setup -->
        <test-method is-config="true" signature="BeforeMethod()[pri:0, instance:testCases.TC_01_add@5b58ed3c]" started-at="2025-01-18T02:46:23 IST" name="BeforeMethod" finished-at="2025-01-18T02:46:23 IST" duration-ms="31" status="PASS">
          <reporter-output>
          </reporter-output>
        </test-method> <!-- BeforeMethod -->
        <test-method signature="AddDecimalTwoPointTwoMinusOne()[pri:0, instance:testCases.TC_01_add@5b58ed3c]" started-at="2025-01-18T02:46:23 IST" name="AddDecimalTwoPointTwoMinusOne" description="Addition test of float and int" finished-at="2025-01-18T02:46:24 IST" duration-ms="515" status="PASS">
          <reporter-output>
          </reporter-output>
        </test-method> <!-- AddDecimalTwoPointTwoMinusOne -->
        <test-method is-config="true" signature="AfterMethod()[pri:0, instance:testCases.TC_01_add@5b58ed3c]" started-at="2025-01-18T02:46:24 IST" name="AfterMethod" finished-at="2025-01-18T02:46:24 IST" duration-ms="54" status="PASS">
          <reporter-output>
          </reporter-output>
        </test-method> <!-- AfterMethod -->
        <test-method is-config="true" signature="BeforeMethod()[pri:0, instance:testCases.TC_01_add@5b58ed3c]" started-at="2025-01-18T02:46:24 IST" name="BeforeMethod" finished-at="2025-01-18T02:46:24 IST" duration-ms="1" status="PASS">
          <reporter-output>
          </reporter-output>
        </test-method> <!-- BeforeMethod -->
        <test-method signature="AddZeroAndOne()[pri:0, instance:testCases.TC_01_add@5b58ed3c]" started-at="2025-01-18T02:46:24 IST" name="AddZeroAndOne" finished-at="2025-01-18T02:46:24 IST" duration-ms="523" status="PASS">
          <reporter-output>
          </reporter-output>
        </test-method> <!-- AddZeroAndOne -->
        <test-method is-config="true" signature="AfterMethod()[pri:0, instance:testCases.TC_01_add@5b58ed3c]" started-at="2025-01-18T02:46:24 IST" name="AfterMethod" finished-at="2025-01-18T02:46:24 IST" duration-ms="51" status="PASS">
          <reporter-output>
          </reporter-output>
        </test-method> <!-- AfterMethod -->
        <test-method is-config="true" signature="BeforeMethod()[pri:0, instance:testCases.TC_01_add@5b58ed3c]" started-at="2025-01-18T02:46:24 IST" name="BeforeMethod" finished-at="2025-01-18T02:46:24 IST" duration-ms="1" status="PASS">
          <reporter-output>
          </reporter-output>
        </test-method> <!-- BeforeMethod -->
        <test-method signature="verifyAddition()[pri:0, instance:testCases.TC_01_add@5b58ed3c]" started-at="2025-01-18T02:46:24 IST" name="verifyAddition" finished-at="2025-01-18T02:46:25 IST" duration-ms="477" status="FAIL">
          <exception class="java.lang.AssertionError">
            <message>
              <![CDATA[null]]>
            </message>
            <full-stacktrace>
              <![CDATA[java.lang.AssertionError: null
at org.testng.Assert.fail(Assert.java:111)
at org.testng.Assert.fail(Assert.java:116)
at testCases.TC_01_add.verifyAddition(TC_01_add.java:30)
at java.base/jdk.internal.reflect.NativeMethodAccessorImpl.invoke0(Native Method)
at java.base/jdk.internal.reflect.NativeMethodAccessorImpl.invoke(NativeMethodAccessorImpl.java:62)
at java.base/jdk.internal.reflect.DelegatingMethodAccessorImpl.invoke(DelegatingMethodAccessorImpl.java:43)
at java.base/java.lang.reflect.Method.invoke(Method.java:566)
at org.testng.internal.invokers.MethodInvocationHelper.invokeMethod(MethodInvocationHelper.java:141)
at org.testng.internal.invokers.TestInvoker.invokeMethod(TestInvoker.java:686)
at org.testng.internal.invokers.TestInvoker.invokeTestMethod(TestInvoker.java:230)
at org.testng.internal.invokers.MethodRunner.runInSequence(MethodRunner.java:63)
at org.testng.internal.invokers.TestInvoker$MethodInvocationAgent.invoke(TestInvoker.java:992)
at org.testng.internal.invokers.TestInvoker.invokeTestMethods(TestInvoker.java:203)
at org.testng.internal.invokers.TestMethodWorker.invokeTestMethods(TestMethodWorker.java:154)
at org.testng.internal.invokers.TestMethodWorker.run(TestMethodWorker.java:134)
at java.base/java.util.ArrayList.forEach(ArrayList.java:1541)
at org.testng.TestRunner.privateRun(TestRunner.java:739)
at org.testng.TestRunner.run(TestRunner.java:614)
at org.testng.SuiteRunner.runTest(SuiteRunner.java:421)
at org.testng.SuiteRunner$SuiteWorker.run(SuiteRunner.java:463)
at org.testng.internal.thread.ThreadUtil.lambda$execute$0(ThreadUtil.java:64)
at java.base/java.util.concurrent.FutureTask.run(FutureTask.java:264)
at java.base/java.util.concurrent.ThreadPoolExecutor.runWorker(ThreadPoolExecutor.java:1128)
at java.base/java.util.concurrent.ThreadPoolExecutor$Worker.run(ThreadPoolExecutor.java:628)
at java.base/java.lang.Thread.run(Thread.java:829)
]]>
            </full-stacktrace>
          </exception> <!-- java.lang.AssertionError -->
          <reporter-output>
          </reporter-output>
        </test-method> <!-- verifyAddition -->
        <test-method is-config="true" signature="AfterMethod()[pri:0, instance:testCases.TC_01_add@5b58ed3c]" started-at="2025-01-18T02:46:25 IST" name="AfterMethod" finished-at="2025-01-18T02:46:25 IST" duration-ms="49" status="PASS">
          <reporter-output>
          </reporter-output>
        </test-method> <!-- AfterMethod -->
        <test-method is-config="true" signature="BeforeMethod()[pri:0, instance:testCases.TC_01_add@5b58ed3c]" started-at="2025-01-18T02:46:25 IST" name="BeforeMethod" finished-at="2025-01-18T02:46:25 IST" duration-ms="0" status="PASS">
          <reporter-output>
          </reporter-output>
        </test-method> <!-- BeforeMethod -->
        <test-method signature="verifySubtraction()[pri:0, instance:testCases.TC_01_add@5b58ed3c]" started-at="2025-01-18T02:46:25 IST" name="verifySubtraction" finished-at="2025-01-18T02:46:26 IST" duration-ms="471" status="PASS">
          <reporter-output>
          </reporter-output>
        </test-method> <!-- verifySubtraction -->
        <test-method is-config="true" signature="AfterMethod()[pri:0, instance:testCases.TC_01_add@5b58ed3c]" started-at="2025-01-18T02:46:26 IST" name="AfterMethod" finished-at="2025-01-18T02:46:26 IST" duration-ms="53" status="PASS">
          <reporter-output>
          </reporter-output>
        </test-method> <!-- AfterMethod -->
        <test-method is-config="true" signature="tearDown()[pri:0, instance:testCases.TC_01_add@5b58ed3c]" started-at="2025-01-18T02:46:26 IST" name="tearDown" finished-at="2025-01-18T02:46:26 IST" duration-ms="159" status="PASS">
          <reporter-output>
          </reporter-output>
        </test-method> <!-- tearDown -->
      </class> <!-- testCases.TC_01_add -->
    </test> <!-- Test in chrome -->
  </suite> <!-- Addition -->
</testng-results>
